<?xml version="1.0" encoding="UTF-8"?>
<testng-results skipped="0" failed="0" ignored="0" total="3" passed="3">
  <reporter-output>
  </reporter-output>
  <suite name="Default suite" duration-ms="59" started-at="2020-12-17T20:37:08Z" finished-at="2020-12-17T20:37:08Z">
    <groups>
    </groups>
    <test name="Default test" duration-ms="59" started-at="2020-12-17T20:37:08Z" finished-at="2020-12-17T20:37:08Z">
      <class name="login.loginHome">
        <test-method status="PASS" signature="loginHomePage()[pri:1, instance:login.loginHome@100fc185]" name="loginHomePage" duration-ms="11" started-at="2020-12-17T20:37:08Z" finished-at="2020-12-17T20:37:08Z">
          <reporter-output>
          </reporter-output>
        </test-method> <!-- loginHomePage -->
        <test-method status="PASS" signature="selectItems()[pri:2, instance:login.loginHome@100fc185]" name="selectItems" duration-ms="4" started-at="2020-12-17T20:37:08Z" finished-at="2020-12-17T20:37:08Z">
          <reporter-output>
          </reporter-output>
        </test-method> <!-- selectItems -->
        <test-method status="PASS" signature="checkOut()[pri:3, instance:login.loginHome@100fc185]" name="checkOut" duration-ms="2" started-at="2020-12-17T20:37:08Z" finished-at="2020-12-17T20:37:08Z">
          <reporter-output>
          </reporter-output>
        </test-method> <!-- checkOut -->
      </class> <!-- login.loginHome -->
    </test> <!-- Default test -->
  </suite> <!-- Default suite -->
</testng-results>
