<?xml version="1.0" encoding="UTF-8"?>
<!-- Generated by org.testng.reporters.JUnitXMLReporter -->
<testsuite hostname="nlccu047" ignored="0" name="Default test" tests="3" failures="0" timestamp="17 Dec 2020 20:37:08 GMT" time="0.059" errors="0">
  <testcase name="loginHomePage" time="0.011" classname="login.loginHome"/>
  <testcase name="selectItems" time="0.004" classname="login.loginHome"/>
  <testcase name="checkOut" time="0.002" classname="login.loginHome"/>
</testsuite> <!-- Default test -->
